<?xml version="1.0" encoding="UTF-8"?>
<!-- Generated by org.testng.reporters.JUnitXMLReporter -->
<testsuite hostname="KVP-LP-018" name="Default test" tests="3" failures="0" timestamp="14 Sep 2016 05:00:34 GMT" time="101.665" errors="0">
  <testcase name="testlogin" time="36.036" classname="simpli.kvp.automate.org.TestLead"/>
  <testcase name="leaddata" time="58.929" classname="simpli.kvp.automate.org.TestLead"/>
  <testcase name="checkstatus" time="6.637" classname="simpli.kvp.automate.org.TestLead"/>
</testsuite> <!-- Default test -->
